[+] Containers:
 |- [+] Container: /Game/ThirdPerson/Maps/ThirdPersonMap
 |   |- [+] ActorDescs:
 |   |   |- Guid:0AA1E52641471A64C0DE688AC42A2286 NativeClass:/Script/GeometryFramework.DynamicMeshActor Name:DynamicMeshActor_UAID_D8BBC18972FE215B02_1725739422 Label:Box15 SpatiallyLoaded:true EditorBounds:IsValid=true, Min=(X=5656.427 Y=-180.000 Z=298.563), Max=(X=5758.150 Y=169.999 Z=1399.697) RuntimeBounds:IsValid=true, Min=(X=5656.427 Y=-180.000 Z=298.563), Max=(X=5758.150 Y=169.999 Z=1399.697) RuntimeGrid:None EditorOnly:false RuntimeOnly:false HLODRelevant:false ListedInSceneOutliner:true IsMainWorldOnly:false
 |   |   |- Guid:1465E1F6496E69BE2A21BA90529C7C14 NativeClass:/Script/Engine.StaticMeshActor Name:StaticMeshActor_UAID_D8BBC18972FE1E5B02_1576405888 Label:SM_SkySphere2 SpatiallyLoaded:false EditorBounds:IsValid=true, Min=(X=-1710991.207 Y=-1638400.000 Z=-1708611.403), Max=(X=1710729.096 Y=1638400.000 Z=1713108.900) RuntimeBounds:IsValid=true, Min=(X=-1710991.207 Y=-1638400.000 Z=-1708611.403), Max=(X=1710729.096 Y=1638400.000 Z=1713108.900) RuntimeGrid:None EditorOnly:false RuntimeOnly:false HLODRelevant:false ListedInSceneOutliner:true IsMainWorldOnly:false FolderPath:Lighting FolderGuid:963EC3EB4002CCE9759E2EBA541A873A
 |   |   |- Guid:18454CF141434C2D0B8DE3B0B9503A6A NativeClass:/Script/GeometryFramework.DynamicMeshActor Name:DynamicMeshActor_UAID_D8BBC18972FE115B02_1554478585 Label:Box SpatiallyLoaded:true EditorBounds:IsValid=true, Min=(X=-985.799 Y=-180.000 Z=2089.152), Max=(X=1762.386 Y=170.000 Z=2139.152) RuntimeBounds:IsValid=true, Min=(X=-985.799 Y=-180.000 Z=2089.152), Max=(X=1762.386 Y=170.000 Z=2139.152) RuntimeGrid:None EditorOnly:false RuntimeOnly:false HLODRelevant:false ListedInSceneOutliner:true IsMainWorldOnly:false
 |   |   |- Guid:2BFC34704E1AE0E7F7DD9486CDEA27AB NativeClass:/Script/GeometryFramework.DynamicMeshActor Name:DynamicMeshActor_UAID_D8BBC18972FE255B02_1149225131 Label:Box19 SpatiallyLoaded:true EditorBounds:IsValid=true, Min=(X=6837.190 Y=-180.000 Z=661.899), Max=(X=6980.630 Y=169.999 Z=1037.323) RuntimeBounds:IsValid=true, Min=(X=6837.190 Y=-180.000 Z=661.899), Max=(X=6980.630 Y=169.999 Z=1037.323) RuntimeGrid:None EditorOnly:false RuntimeOnly:false HLODRelevant:false ListedInSceneOutliner:true IsMainWorldOnly:false
 |   |   |- Guid:2FB58999456391D349DC0F86DAC136ED NativeClass:/Script/Engine.SkyLight Name:SkyLight_1 Label:SkyLight SpatiallyLoaded:false EditorBounds:IsValid=true, Min=(X=-1.000 Y=-1.000 Z=-1.000), Max=(X=1.000 Y=1.000 Z=2794.152) RuntimeBounds:IsValid=true, Min=(X=0.000 Y=0.000 Z=2794.152), Max=(X=0.000 Y=0.000 Z=2794.152) RuntimeGrid:None EditorOnly:false RuntimeOnly:false HLODRelevant:false ListedInSceneOutliner:true IsMainWorldOnly:false FolderPath:Lighting FolderGuid:963EC3EB4002CCE9759E2EBA541A873A
 |   |   |- Guid:300A06294364144D1C8D078DF52DC02A NativeClass:/Script/GeometryFramework.DynamicMeshActor Name:DynamicMeshActor_UAID_D8BBC18972FE215B02_1740085423 Label:Box16 SpatiallyLoaded:true EditorBounds:IsValid=true, Min=(X=5651.426 Y=-180.000 Z=1235.866), Max=(X=6502.819 Y=169.999 Z=1434.779) RuntimeBounds:IsValid=true, Min=(X=5651.426 Y=-180.000 Z=1235.866), Max=(X=6502.819 Y=169.999 Z=1434.779) RuntimeGrid:None EditorOnly:false RuntimeOnly:false HLODRelevant:false ListedInSceneOutliner:true IsMainWorldOnly:false
 |   |   |- Guid:316CF2A6494ACA4C0E4180A87D36AB8F NativeClass:/Script/Engine.ExponentialHeightFog Name:ExponentialHeightFog_0 Label:ExponentialHeightFog SpatiallyLoaded:false EditorBounds:IsValid=true, Min=(X=-5600.000 Y=-50.000 Z=-6850.000), Max=(X=-5600.000 Y=-50.000 Z=-6850.000) RuntimeBounds:IsValid=true, Min=(X=-5600.000 Y=-50.000 Z=-6850.000), Max=(X=-5600.000 Y=-50.000 Z=-6850.000) RuntimeGrid:None EditorOnly:false RuntimeOnly:false HLODRelevant:false ListedInSceneOutliner:true IsMainWorldOnly:false FolderPath:Lighting FolderGuid:963EC3EB4002CCE9759E2EBA541A873A
 |   |   |- Guid:3A00AA1C422CE54C0BDB60BAF471BFBB NativeClass:/Script/Engine.PlayerStart Name:PlayerStart_0 Label:PlayerStart SpatiallyLoaded:false EditorBounds:IsValid=true, Min=(X=4588.180 Y=-128.000 Z=1570.945), Max=(X=4956.180 Y=128.000 Z=1826.945) RuntimeBounds:IsValid=true, Min=(X=4676.180 Y=-40.000 Z=1606.945), Max=(X=4756.180 Y=40.000 Z=1790.945) RuntimeGrid:None EditorOnly:false RuntimeOnly:false HLODRelevant:false ListedInSceneOutliner:true IsMainWorldOnly:false
 |   |   |- Guid:47187ADD4FBE69F5F7C29A84A0A44C68 NativeClass:/Script/GeometryFramework.DynamicMeshActor Name:DynamicMeshActor_UAID_D8BBC18972FE1E5B02_1576407889 Label:Box10 SpatiallyLoaded:true EditorBounds:IsValid=true, Min=(X=1102.346 Y=-180.000 Z=2202.319), Max=(X=1520.271 Y=170.000 Z=2335.209) RuntimeBounds:IsValid=true, Min=(X=1102.346 Y=-180.000 Z=2202.319), Max=(X=1520.271 Y=170.000 Z=2335.209) RuntimeGrid:None EditorOnly:false RuntimeOnly:false HLODRelevant:false ListedInSceneOutliner:true IsMainWorldOnly:false
 |   |   |- Guid:49C66C2C46F28B4853032BB6D0B33AB5 NativeClass:/Script/GeometryFramework.DynamicMeshActor Name:DynamicMeshActor_UAID_D8BBC18972FE1E5B02_1528530886 Label:Box8 SpatiallyLoaded:true EditorBounds:IsValid=true, Min=(X=683.788 Y=-180.000 Z=2287.637), Max=(X=1103.167 Y=170.000 Z=2385.159) RuntimeBounds:IsValid=true, Min=(X=683.788 Y=-180.000 Z=2287.637), Max=(X=1103.167 Y=170.000 Z=2385.159) RuntimeGrid:None EditorOnly:false RuntimeOnly:false HLODRelevant:false ListedInSceneOutliner:true IsMainWorldOnly:false
 |   |   |- Guid:4D3BE93F4146AAAC8BBE79999D96D57F NativeClass:/Script/Engine.VolumetricCloud Name:VolumetricCloud_0 Label:VolumetricCloud SpatiallyLoaded:false EditorBounds:IsValid=true, Min=(X=-128.000 Y=-128.000 Z=2796.152), Max=(X=128.000 Y=128.000 Z=3052.152) RuntimeBounds:IsValid=true, Min=(X=0.000 Y=0.000 Z=2924.152), Max=(X=0.000 Y=0.000 Z=2924.152) RuntimeGrid:None EditorOnly:false RuntimeOnly:false HLODRelevant:false ListedInSceneOutliner:true IsMainWorldOnly:false FolderPath:Lighting FolderGuid:963EC3EB4002CCE9759E2EBA541A873A
 |   |   |- Guid:4DBC5F8346B76AA47B857E9545CFE9C5 NativeClass:/Script/GeometryFramework.DynamicMeshActor Name:DynamicMeshActor_UAID_D8BBC18972FE1E5B02_1472300883 Label:Box5 SpatiallyLoaded:true EditorBounds:IsValid=true, Min=(X=258.977 Y=-180.000 Z=2336.693), Max=(X=675.462 Y=170.000 Z=2387.481) RuntimeBounds:IsValid=true, Min=(X=258.977 Y=-180.000 Z=2336.693), Max=(X=675.462 Y=170.000 Z=2387.481) RuntimeGrid:None EditorOnly:false RuntimeOnly:false HLODRelevant:false ListedInSceneOutliner:true IsMainWorldOnly:false
 |   |   |- Guid:505B0C1D411D317D6A060EB424E1FB13 NativeClass:/Script/GeometryFramework.DynamicMeshActor Name:DynamicMeshActor_UAID_D8BBC18972FE215B02_1584978420 Label:Box13 SpatiallyLoaded:true EditorBounds:IsValid=true, Min=(X=4912.770 Y=-180.000 Z=1356.263), Max=(X=5289.832 Y=169.999 Z=1425.325) RuntimeBounds:IsValid=true, Min=(X=4912.770 Y=-180.000 Z=1356.263), Max=(X=5289.832 Y=169.999 Z=1425.325) RuntimeGrid:None EditorOnly:false RuntimeOnly:false HLODRelevant:false ListedInSceneOutliner:true IsMainWorldOnly:false
 |   |   |- Guid:697AAEBF43EC25DD78D0CDA1402A6110 NativeClass:/Script/GeometryFramework.DynamicMeshActor Name:DynamicMeshActor_UAID_D8BBC18972FE255B02_1135318130 Label:Box18 SpatiallyLoaded:true EditorBounds:IsValid=true, Min=(X=6513.017 Y=-180.000 Z=986.849), Max=(X=6890.352 Y=169.999 Z=1112.023) RuntimeBounds:IsValid=true, Min=(X=6513.017 Y=-180.000 Z=986.849), Max=(X=6890.352 Y=169.999 Z=1112.023) RuntimeGrid:None EditorOnly:false RuntimeOnly:false HLODRelevant:false ListedInSceneOutliner:true IsMainWorldOnly:false
 |   |   |- Guid:6BAF4DDD444C60371492D3919DB42C97 NativeClass:/Script/Engine.WorldDataLayers Name:WorldDataLayers Label:WorldDataLayers SpatiallyLoaded:false EditorBounds:IsValid=true, Min=(X=0.000 Y=0.000 Z=0.000), Max=(X=0.000 Y=0.000 Z=0.000) RuntimeBounds:IsValid=true, Min=(X=0.000 Y=0.000 Z=0.000), Max=(X=0.000 Y=0.000 Z=0.000) RuntimeGrid:None EditorOnly:false RuntimeOnly:false HLODRelevant:false ListedInSceneOutliner:true IsMainWorldOnly:true
 |   |   |- Guid:71824188408442BB087C94B0BE8C7983 NativeClass:/Script/GeometryFramework.DynamicMeshActor Name:DynamicMeshActor_UAID_D8BBC18972FE1E5B02_1487883884 Label:Box6 SpatiallyLoaded:true EditorBounds:IsValid=true, Min=(X=-574.800 Y=-180.000 Z=2215.062), Max=(X=-157.245 Y=170.000 Z=2351.917) RuntimeBounds:IsValid=true, Min=(X=-574.800 Y=-180.000 Z=2215.062), Max=(X=-157.245 Y=170.000 Z=2351.917) RuntimeGrid:None EditorOnly:false RuntimeOnly:false HLODRelevant:false ListedInSceneOutliner:true IsMainWorldOnly:false
 |   |   |- Guid:8DD38823445E94BF3540E9A40CE781D6 NativeClass:/Script/GeometryFramework.DynamicMeshActor Name:DynamicMeshActor_UAID_D8BBC18972FE1E5B02_1865923891 Label:Box12 SpatiallyLoaded:true EditorBounds:IsValid=true, Min=(X=4138.286 Y=-180.000 Z=1360.166), Max=(X=4937.201 Y=170.000 Z=1666.898) RuntimeBounds:IsValid=true, Min=(X=4138.286 Y=-180.000 Z=1360.166), Max=(X=4937.201 Y=170.000 Z=1666.898) RuntimeGrid:None EditorOnly:false RuntimeOnly:false HLODRelevant:false ListedInSceneOutliner:true IsMainWorldOnly:false
 |   |   |- Guid:91BC5B0749A83B0FFEB17686E39F1686 NativeClass:/Script/GeometryFramework.DynamicMeshActor Name:DynamicMeshActor_UAID_D8BBC18972FE255B02_1111171129 Label:Box17 SpatiallyLoaded:true EditorBounds:IsValid=true, Min=(X=6455.184 Y=-180.000 Z=927.036), Max=(X=6599.615 Y=169.999 Z=1302.326) RuntimeBounds:IsValid=true, Min=(X=6455.184 Y=-180.000 Z=927.036), Max=(X=6599.615 Y=169.999 Z=1302.326) RuntimeGrid:None EditorOnly:false RuntimeOnly:false HLODRelevant:false ListedInSceneOutliner:true IsMainWorldOnly:false
 |   |   |- Guid:966F30EB4206A93F38CC588841336953 NativeClass:/Script/GeometryFramework.DynamicMeshActor Name:DynamicMeshActor_UAID_D8BBC18972FE1E5B02_1843979890 Label:Box11 SpatiallyLoaded:true EditorBounds:IsValid=true, Min=(X=3352.758 Y=-180.000 Z=1615.937), Max=(X=4163.940 Y=170.000 Z=1871.202) RuntimeBounds:IsValid=true, Min=(X=3352.758 Y=-180.000 Z=1615.937), Max=(X=4163.940 Y=170.000 Z=1871.202) RuntimeGrid:None EditorOnly:false RuntimeOnly:false HLODRelevant:false ListedInSceneOutliner:true IsMainWorldOnly:false
 |   |   |- Guid:976DADF24B278D456C50098AA5945382 NativeClass:/Script/GeometryFramework.DynamicMeshActor Name:DynamicMeshActor_UAID_D8BBC18972FE115B02_1677903586 Label:Box2 SpatiallyLoaded:true EditorBounds:IsValid=true, Min=(X=1747.447 Y=-180.000 Z=1996.298), Max=(X=2572.657 Y=170.000 Z=2142.010) RuntimeBounds:IsValid=true, Min=(X=1747.447 Y=-180.000 Z=1996.298), Max=(X=2572.657 Y=170.000 Z=2142.010) RuntimeGrid:None EditorOnly:false RuntimeOnly:false HLODRelevant:false ListedInSceneOutliner:true IsMainWorldOnly:false
 |   |   |- Guid:AD7C009D41D26BD855E23D843D0C2062 NativeClass:/Script/GeometryFramework.DynamicMeshActor Name:DynamicMeshActor_UAID_D8BBC18972FE1E5B02_1443350882 Label:Box4 SpatiallyLoaded:true EditorBounds:IsValid=true, Min=(X=-975.610 Y=-180.000 Z=2079.718), Max=(X=-565.137 Y=170.000 Z=2260.440) RuntimeBounds:IsValid=true, Min=(X=-975.610 Y=-180.000 Z=2079.718), Max=(X=-565.137 Y=170.000 Z=2260.440) RuntimeGrid:None EditorOnly:false RuntimeOnly:false HLODRelevant:false ListedInSceneOutliner:true IsMainWorldOnly:false
 |   |   |- Guid:B785ED2844B84CFB91E7F39FE661CD99 NativeClass:/Script/Engine.DirectionalLight Name:DirectionalLight_0 Label:DirectionalLight SpatiallyLoaded:false EditorBounds:IsValid=false, Min=(X=0.000 Y=0.000 Z=0.000), Max=(X=0.000 Y=0.000 Z=0.000) RuntimeBounds:IsValid=false, Min=(X=0.000 Y=0.000 Z=0.000), Max=(X=0.000 Y=0.000 Z=0.000) RuntimeGrid:None EditorOnly:false RuntimeOnly:false HLODRelevant:false ListedInSceneOutliner:true IsMainWorldOnly:false FolderPath:Lighting FolderGuid:963EC3EB4002CCE9759E2EBA541A873A
 |   |   |- Guid:C1C42C824543260CCC9292B9F1CE0483 NativeClass:/Script/GeometryFramework.DynamicMeshActor Name:DynamicMeshActor_UAID_D8BBC18972FE1E5B02_1508209885 Label:Box7 SpatiallyLoaded:true EditorBounds:IsValid=true, Min=(X=-162.136 Y=-180.000 Z=2301.416), Max=(X=256.969 Y=170.000 Z=2385.822) RuntimeBounds:IsValid=true, Min=(X=-162.136 Y=-180.000 Z=2301.416), Max=(X=256.969 Y=170.000 Z=2385.822) RuntimeGrid:None EditorOnly:false RuntimeOnly:false HLODRelevant:false ListedInSceneOutliner:true IsMainWorldOnly:false
 |   |   |- Guid:C470E45B42D1199EBD5988A153A27D38 NativeClass:/Script/GeometryFramework.DynamicMeshActor Name:DynamicMeshActor_UAID_D8BBC18972FE1D5B02_1073886704 Label:Box3 SpatiallyLoaded:true EditorBounds:IsValid=true, Min=(X=2553.231 Y=-180.000 Z=1822.127), Max=(X=3370.311 Y=170.000 Z=2044.418) RuntimeBounds:IsValid=true, Min=(X=2553.231 Y=-180.000 Z=1822.127), Max=(X=3370.311 Y=170.000 Z=2044.418) RuntimeGrid:None EditorOnly:false RuntimeOnly:false HLODRelevant:false ListedInSceneOutliner:true IsMainWorldOnly:false
 |   |   |- Guid:CCFF262C46EEFFDF319E7F9539CE697E NativeClass:/Script/Engine.SkyAtmosphere Name:SkyAtmosphere_0 Label:SkyAtmosphere SpatiallyLoaded:false EditorBounds:IsValid=true, Min=(X=-128.000 Y=-128.000 Z=2996.152), Max=(X=240.000 Y=128.000 Z=3252.152) RuntimeBounds:IsValid=true, Min=(X=0.000 Y=0.000 Z=3124.152), Max=(X=0.000 Y=0.000 Z=3124.152) RuntimeGrid:None EditorOnly:false RuntimeOnly:false HLODRelevant:false ListedInSceneOutliner:true IsMainWorldOnly:false FolderPath:Lighting FolderGuid:963EC3EB4002CCE9759E2EBA541A873A
 |   |   |- Guid:D56FF7BE45C06E53DC341094F2FA180E NativeClass:/Script/GeometryFramework.DynamicMeshActor Name:DynamicMeshActor_UAID_D8BBC18972FE215B02_1653450421 Label:Box14 SpatiallyLoaded:true EditorBounds:IsValid=true, Min=(X=5223.608 Y=-180.000 Z=325.312), Max=(X=5335.978 Y=169.999 Z=1426.377) RuntimeBounds:IsValid=true, Min=(X=5223.608 Y=-180.000 Z=325.312), Max=(X=5335.978 Y=169.999 Z=1426.377) RuntimeGrid:None EditorOnly:false RuntimeOnly:false HLODRelevant:false ListedInSceneOutliner:true IsMainWorldOnly:false
 |   |   |- Guid:E10F3C894F294750315B5183E580417C NativeClass:/Script/GeometryFramework.DynamicMeshActor Name:DynamicMeshActor_UAID_D8BBC18972FE1E5B02_1553456887 Label:Box9 SpatiallyLoaded:true EditorBounds:IsValid=true, Min=(X=1509.499 Y=-180.000 Z=2086.564), Max=(X=1924.013 Y=170.000 Z=2246.605) RuntimeBounds:IsValid=true, Min=(X=1509.499 Y=-180.000 Z=2086.564), Max=(X=1924.013 Y=170.000 Z=2246.605) RuntimeGrid:None EditorOnly:false RuntimeOnly:false HLODRelevant:false ListedInSceneOutliner:true IsMainWorldOnly:false
 |   |   |- Guid:EC4E0C944CE6AC6E784BC6BB2916EA13 NativeClass:/Script/Engine.StaticMeshActor Name:StaticMeshActor_UAID_A4AE111137DC5EFB00_1110535423 Label:SM_SkySphere SpatiallyLoaded:false EditorBounds:IsValid=true, Min=(X=-1710991.195 Y=-1638400.000 Z=-1708611.390), Max=(X=1710729.083 Y=1638400.000 Z=1713108.888) RuntimeBounds:IsValid=true, Min=(X=-1710991.195 Y=-1638400.000 Z=-1708611.390), Max=(X=1710729.083 Y=1638400.000 Z=1713108.888) RuntimeGrid:None EditorOnly:false RuntimeOnly:false HLODRelevant:false ListedInSceneOutliner:true IsMainWorldOnly:false FolderPath:Lighting FolderGuid:963EC3EB4002CCE9759E2EBA541A873A
 |   |   |- Guid:F5E3FEB3450C49844FD93DA8E083C8AD NativeClass:/Script/Engine.PostProcessVolume Name:PostProcessVolume_0 Label:PostProcessVolume SpatiallyLoaded:false EditorBounds:IsValid=true, Min=(X=0.000 Y=0.000 Z=400.000), Max=(X=200.000 Y=200.000 Z=600.000) RuntimeBounds:IsValid=true, Min=(X=0.000 Y=0.000 Z=400.000), Max=(X=200.000 Y=200.000 Z=600.000) RuntimeGrid:None EditorOnly:false RuntimeOnly:false HLODRelevant:false ListedInSceneOutliner:true IsMainWorldOnly:false FolderPath:Lighting FolderGuid:963EC3EB4002CCE9759E2EBA541A873A
 |   |- [+] Clusters:
 |   |   |- [+] [  0]
 |   |   |   |- Guid:0AA1E52641471A64C0DE688AC42A2286 NativeClass:/Script/GeometryFramework.DynamicMeshActor Name:DynamicMeshActor_UAID_D8BBC18972FE215B02_1725739422 Label:Box15 SpatiallyLoaded:true EditorBounds:IsValid=true, Min=(X=5656.427 Y=-180.000 Z=298.563), Max=(X=5758.150 Y=169.999 Z=1399.697) RuntimeBounds:IsValid=true, Min=(X=5656.427 Y=-180.000 Z=298.563), Max=(X=5758.150 Y=169.999 Z=1399.697) RuntimeGrid:None EditorOnly:false RuntimeOnly:false HLODRelevant:false ListedInSceneOutliner:true IsMainWorldOnly:false
 |   |   |- [+] [  1]
 |   |   |   |- Guid:1465E1F6496E69BE2A21BA90529C7C14 NativeClass:/Script/Engine.StaticMeshActor Name:StaticMeshActor_UAID_D8BBC18972FE1E5B02_1576405888 Label:SM_SkySphere2 SpatiallyLoaded:false EditorBounds:IsValid=true, Min=(X=-1710991.207 Y=-1638400.000 Z=-1708611.403), Max=(X=1710729.096 Y=1638400.000 Z=1713108.900) RuntimeBounds:IsValid=true, Min=(X=-1710991.207 Y=-1638400.000 Z=-1708611.403), Max=(X=1710729.096 Y=1638400.000 Z=1713108.900) RuntimeGrid:None EditorOnly:false RuntimeOnly:false HLODRelevant:false ListedInSceneOutliner:true IsMainWorldOnly:false FolderPath:Lighting FolderGuid:963EC3EB4002CCE9759E2EBA541A873A
 |   |   |- [+] [  2]
 |   |   |   |- Guid:18454CF141434C2D0B8DE3B0B9503A6A NativeClass:/Script/GeometryFramework.DynamicMeshActor Name:DynamicMeshActor_UAID_D8BBC18972FE115B02_1554478585 Label:Box SpatiallyLoaded:true EditorBounds:IsValid=true, Min=(X=-985.799 Y=-180.000 Z=2089.152), Max=(X=1762.386 Y=170.000 Z=2139.152) RuntimeBounds:IsValid=true, Min=(X=-985.799 Y=-180.000 Z=2089.152), Max=(X=1762.386 Y=170.000 Z=2139.152) RuntimeGrid:None EditorOnly:false RuntimeOnly:false HLODRelevant:false ListedInSceneOutliner:true IsMainWorldOnly:false
 |   |   |- [+] [  3]
 |   |   |   |- Guid:2BFC34704E1AE0E7F7DD9486CDEA27AB NativeClass:/Script/GeometryFramework.DynamicMeshActor Name:DynamicMeshActor_UAID_D8BBC18972FE255B02_1149225131 Label:Box19 SpatiallyLoaded:true EditorBounds:IsValid=true, Min=(X=6837.190 Y=-180.000 Z=661.899), Max=(X=6980.630 Y=169.999 Z=1037.323) RuntimeBounds:IsValid=true, Min=(X=6837.190 Y=-180.000 Z=661.899), Max=(X=6980.630 Y=169.999 Z=1037.323) RuntimeGrid:None EditorOnly:false RuntimeOnly:false HLODRelevant:false ListedInSceneOutliner:true IsMainWorldOnly:false
 |   |   |- [+] [  4]
 |   |   |   |- Guid:2FB58999456391D349DC0F86DAC136ED NativeClass:/Script/Engine.SkyLight Name:SkyLight_1 Label:SkyLight SpatiallyLoaded:false EditorBounds:IsValid=true, Min=(X=-1.000 Y=-1.000 Z=-1.000), Max=(X=1.000 Y=1.000 Z=2794.152) RuntimeBounds:IsValid=true, Min=(X=0.000 Y=0.000 Z=2794.152), Max=(X=0.000 Y=0.000 Z=2794.152) RuntimeGrid:None EditorOnly:false RuntimeOnly:false HLODRelevant:false ListedInSceneOutliner:true IsMainWorldOnly:false FolderPath:Lighting FolderGuid:963EC3EB4002CCE9759E2EBA541A873A
 |   |   |- [+] [  5]
 |   |   |   |- Guid:300A06294364144D1C8D078DF52DC02A NativeClass:/Script/GeometryFramework.DynamicMeshActor Name:DynamicMeshActor_UAID_D8BBC18972FE215B02_1740085423 Label:Box16 SpatiallyLoaded:true EditorBounds:IsValid=true, Min=(X=5651.426 Y=-180.000 Z=1235.866), Max=(X=6502.819 Y=169.999 Z=1434.779) RuntimeBounds:IsValid=true, Min=(X=5651.426 Y=-180.000 Z=1235.866), Max=(X=6502.819 Y=169.999 Z=1434.779) RuntimeGrid:None EditorOnly:false RuntimeOnly:false HLODRelevant:false ListedInSceneOutliner:true IsMainWorldOnly:false
 |   |   |- [+] [  6]
 |   |   |   |- Guid:316CF2A6494ACA4C0E4180A87D36AB8F NativeClass:/Script/Engine.ExponentialHeightFog Name:ExponentialHeightFog_0 Label:ExponentialHeightFog SpatiallyLoaded:false EditorBounds:IsValid=true, Min=(X=-5600.000 Y=-50.000 Z=-6850.000), Max=(X=-5600.000 Y=-50.000 Z=-6850.000) RuntimeBounds:IsValid=true, Min=(X=-5600.000 Y=-50.000 Z=-6850.000), Max=(X=-5600.000 Y=-50.000 Z=-6850.000) RuntimeGrid:None EditorOnly:false RuntimeOnly:false HLODRelevant:false ListedInSceneOutliner:true IsMainWorldOnly:false FolderPath:Lighting FolderGuid:963EC3EB4002CCE9759E2EBA541A873A
 |   |   |- [+] [  7]
 |   |   |   |- Guid:3A00AA1C422CE54C0BDB60BAF471BFBB NativeClass:/Script/Engine.PlayerStart Name:PlayerStart_0 Label:PlayerStart SpatiallyLoaded:false EditorBounds:IsValid=true, Min=(X=4588.180 Y=-128.000 Z=1570.945), Max=(X=4956.180 Y=128.000 Z=1826.945) RuntimeBounds:IsValid=true, Min=(X=4676.180 Y=-40.000 Z=1606.945), Max=(X=4756.180 Y=40.000 Z=1790.945) RuntimeGrid:None EditorOnly:false RuntimeOnly:false HLODRelevant:false ListedInSceneOutliner:true IsMainWorldOnly:false
 |   |   |- [+] [  8]
 |   |   |   |- Guid:47187ADD4FBE69F5F7C29A84A0A44C68 NativeClass:/Script/GeometryFramework.DynamicMeshActor Name:DynamicMeshActor_UAID_D8BBC18972FE1E5B02_1576407889 Label:Box10 SpatiallyLoaded:true EditorBounds:IsValid=true, Min=(X=1102.346 Y=-180.000 Z=2202.319), Max=(X=1520.271 Y=170.000 Z=2335.209) RuntimeBounds:IsValid=true, Min=(X=1102.346 Y=-180.000 Z=2202.319), Max=(X=1520.271 Y=170.000 Z=2335.209) RuntimeGrid:None EditorOnly:false RuntimeOnly:false HLODRelevant:false ListedInSceneOutliner:true IsMainWorldOnly:false
 |   |   |- [+] [  9]
 |   |   |   |- Guid:49C66C2C46F28B4853032BB6D0B33AB5 NativeClass:/Script/GeometryFramework.DynamicMeshActor Name:DynamicMeshActor_UAID_D8BBC18972FE1E5B02_1528530886 Label:Box8 SpatiallyLoaded:true EditorBounds:IsValid=true, Min=(X=683.788 Y=-180.000 Z=2287.637), Max=(X=1103.167 Y=170.000 Z=2385.159) RuntimeBounds:IsValid=true, Min=(X=683.788 Y=-180.000 Z=2287.637), Max=(X=1103.167 Y=170.000 Z=2385.159) RuntimeGrid:None EditorOnly:false RuntimeOnly:false HLODRelevant:false ListedInSceneOutliner:true IsMainWorldOnly:false
 |   |   |- [+] [ 10]
 |   |   |   |- Guid:4D3BE93F4146AAAC8BBE79999D96D57F NativeClass:/Script/Engine.VolumetricCloud Name:VolumetricCloud_0 Label:VolumetricCloud SpatiallyLoaded:false EditorBounds:IsValid=true, Min=(X=-128.000 Y=-128.000 Z=2796.152), Max=(X=128.000 Y=128.000 Z=3052.152) RuntimeBounds:IsValid=true, Min=(X=0.000 Y=0.000 Z=2924.152), Max=(X=0.000 Y=0.000 Z=2924.152) RuntimeGrid:None EditorOnly:false RuntimeOnly:false HLODRelevant:false ListedInSceneOutliner:true IsMainWorldOnly:false FolderPath:Lighting FolderGuid:963EC3EB4002CCE9759E2EBA541A873A
 |   |   |- [+] [ 11]
 |   |   |   |- Guid:4DBC5F8346B76AA47B857E9545CFE9C5 NativeClass:/Script/GeometryFramework.DynamicMeshActor Name:DynamicMeshActor_UAID_D8BBC18972FE1E5B02_1472300883 Label:Box5 SpatiallyLoaded:true EditorBounds:IsValid=true, Min=(X=258.977 Y=-180.000 Z=2336.693), Max=(X=675.462 Y=170.000 Z=2387.481) RuntimeBounds:IsValid=true, Min=(X=258.977 Y=-180.000 Z=2336.693), Max=(X=675.462 Y=170.000 Z=2387.481) RuntimeGrid:None EditorOnly:false RuntimeOnly:false HLODRelevant:false ListedInSceneOutliner:true IsMainWorldOnly:false
 |   |   |- [+] [ 12]
 |   |   |   |- Guid:505B0C1D411D317D6A060EB424E1FB13 NativeClass:/Script/GeometryFramework.DynamicMeshActor Name:DynamicMeshActor_UAID_D8BBC18972FE215B02_1584978420 Label:Box13 SpatiallyLoaded:true EditorBounds:IsValid=true, Min=(X=4912.770 Y=-180.000 Z=1356.263), Max=(X=5289.832 Y=169.999 Z=1425.325) RuntimeBounds:IsValid=true, Min=(X=4912.770 Y=-180.000 Z=1356.263), Max=(X=5289.832 Y=169.999 Z=1425.325) RuntimeGrid:None EditorOnly:false RuntimeOnly:false HLODRelevant:false ListedInSceneOutliner:true IsMainWorldOnly:false
 |   |   |- [+] [ 13]
 |   |   |   |- Guid:697AAEBF43EC25DD78D0CDA1402A6110 NativeClass:/Script/GeometryFramework.DynamicMeshActor Name:DynamicMeshActor_UAID_D8BBC18972FE255B02_1135318130 Label:Box18 SpatiallyLoaded:true EditorBounds:IsValid=true, Min=(X=6513.017 Y=-180.000 Z=986.849), Max=(X=6890.352 Y=169.999 Z=1112.023) RuntimeBounds:IsValid=true, Min=(X=6513.017 Y=-180.000 Z=986.849), Max=(X=6890.352 Y=169.999 Z=1112.023) RuntimeGrid:None EditorOnly:false RuntimeOnly:false HLODRelevant:false ListedInSceneOutliner:true IsMainWorldOnly:false
 |   |   |- [+] [ 14]
 |   |   |   |- Guid:6BAF4DDD444C60371492D3919DB42C97 NativeClass:/Script/Engine.WorldDataLayers Name:WorldDataLayers Label:WorldDataLayers SpatiallyLoaded:false EditorBounds:IsValid=true, Min=(X=0.000 Y=0.000 Z=0.000), Max=(X=0.000 Y=0.000 Z=0.000) RuntimeBounds:IsValid=true, Min=(X=0.000 Y=0.000 Z=0.000), Max=(X=0.000 Y=0.000 Z=0.000) RuntimeGrid:None EditorOnly:false RuntimeOnly:false HLODRelevant:false ListedInSceneOutliner:true IsMainWorldOnly:true
 |   |   |- [+] [ 15]
 |   |   |   |- Guid:71824188408442BB087C94B0BE8C7983 NativeClass:/Script/GeometryFramework.DynamicMeshActor Name:DynamicMeshActor_UAID_D8BBC18972FE1E5B02_1487883884 Label:Box6 SpatiallyLoaded:true EditorBounds:IsValid=true, Min=(X=-574.800 Y=-180.000 Z=2215.062), Max=(X=-157.245 Y=170.000 Z=2351.917) RuntimeBounds:IsValid=true, Min=(X=-574.800 Y=-180.000 Z=2215.062), Max=(X=-157.245 Y=170.000 Z=2351.917) RuntimeGrid:None EditorOnly:false RuntimeOnly:false HLODRelevant:false ListedInSceneOutliner:true IsMainWorldOnly:false
 |   |   |- [+] [ 16]
 |   |   |   |- Guid:8DD38823445E94BF3540E9A40CE781D6 NativeClass:/Script/GeometryFramework.DynamicMeshActor Name:DynamicMeshActor_UAID_D8BBC18972FE1E5B02_1865923891 Label:Box12 SpatiallyLoaded:true EditorBounds:IsValid=true, Min=(X=4138.286 Y=-180.000 Z=1360.166), Max=(X=4937.201 Y=170.000 Z=1666.898) RuntimeBounds:IsValid=true, Min=(X=4138.286 Y=-180.000 Z=1360.166), Max=(X=4937.201 Y=170.000 Z=1666.898) RuntimeGrid:None EditorOnly:false RuntimeOnly:false HLODRelevant:false ListedInSceneOutliner:true IsMainWorldOnly:false
 |   |   |- [+] [ 17]
 |   |   |   |- Guid:91BC5B0749A83B0FFEB17686E39F1686 NativeClass:/Script/GeometryFramework.DynamicMeshActor Name:DynamicMeshActor_UAID_D8BBC18972FE255B02_1111171129 Label:Box17 SpatiallyLoaded:true EditorBounds:IsValid=true, Min=(X=6455.184 Y=-180.000 Z=927.036), Max=(X=6599.615 Y=169.999 Z=1302.326) RuntimeBounds:IsValid=true, Min=(X=6455.184 Y=-180.000 Z=927.036), Max=(X=6599.615 Y=169.999 Z=1302.326) RuntimeGrid:None EditorOnly:false RuntimeOnly:false HLODRelevant:false ListedInSceneOutliner:true IsMainWorldOnly:false
 |   |   |- [+] [ 18]
 |   |   |   |- Guid:966F30EB4206A93F38CC588841336953 NativeClass:/Script/GeometryFramework.DynamicMeshActor Name:DynamicMeshActor_UAID_D8BBC18972FE1E5B02_1843979890 Label:Box11 SpatiallyLoaded:true EditorBounds:IsValid=true, Min=(X=3352.758 Y=-180.000 Z=1615.937), Max=(X=4163.940 Y=170.000 Z=1871.202) RuntimeBounds:IsValid=true, Min=(X=3352.758 Y=-180.000 Z=1615.937), Max=(X=4163.940 Y=170.000 Z=1871.202) RuntimeGrid:None EditorOnly:false RuntimeOnly:false HLODRelevant:false ListedInSceneOutliner:true IsMainWorldOnly:false
 |   |   |- [+] [ 19]
 |   |   |   |- Guid:976DADF24B278D456C50098AA5945382 NativeClass:/Script/GeometryFramework.DynamicMeshActor Name:DynamicMeshActor_UAID_D8BBC18972FE115B02_1677903586 Label:Box2 SpatiallyLoaded:true EditorBounds:IsValid=true, Min=(X=1747.447 Y=-180.000 Z=1996.298), Max=(X=2572.657 Y=170.000 Z=2142.010) RuntimeBounds:IsValid=true, Min=(X=1747.447 Y=-180.000 Z=1996.298), Max=(X=2572.657 Y=170.000 Z=2142.010) RuntimeGrid:None EditorOnly:false RuntimeOnly:false HLODRelevant:false ListedInSceneOutliner:true IsMainWorldOnly:false
 |   |   |- [+] [ 20]
 |   |   |   |- Guid:AD7C009D41D26BD855E23D843D0C2062 NativeClass:/Script/GeometryFramework.DynamicMeshActor Name:DynamicMeshActor_UAID_D8BBC18972FE1E5B02_1443350882 Label:Box4 SpatiallyLoaded:true EditorBounds:IsValid=true, Min=(X=-975.610 Y=-180.000 Z=2079.718), Max=(X=-565.137 Y=170.000 Z=2260.440) RuntimeBounds:IsValid=true, Min=(X=-975.610 Y=-180.000 Z=2079.718), Max=(X=-565.137 Y=170.000 Z=2260.440) RuntimeGrid:None EditorOnly:false RuntimeOnly:false HLODRelevant:false ListedInSceneOutliner:true IsMainWorldOnly:false
 |   |   |- [+] [ 21]
 |   |   |   |- Guid:B785ED2844B84CFB91E7F39FE661CD99 NativeClass:/Script/Engine.DirectionalLight Name:DirectionalLight_0 Label:DirectionalLight SpatiallyLoaded:false EditorBounds:IsValid=false, Min=(X=0.000 Y=0.000 Z=0.000), Max=(X=0.000 Y=0.000 Z=0.000) RuntimeBounds:IsValid=false, Min=(X=0.000 Y=0.000 Z=0.000), Max=(X=0.000 Y=0.000 Z=0.000) RuntimeGrid:None EditorOnly:false RuntimeOnly:false HLODRelevant:false ListedInSceneOutliner:true IsMainWorldOnly:false FolderPath:Lighting FolderGuid:963EC3EB4002CCE9759E2EBA541A873A
 |   |   |- [+] [ 22]
 |   |   |   |- Guid:C1C42C824543260CCC9292B9F1CE0483 NativeClass:/Script/GeometryFramework.DynamicMeshActor Name:DynamicMeshActor_UAID_D8BBC18972FE1E5B02_1508209885 Label:Box7 SpatiallyLoaded:true EditorBounds:IsValid=true, Min=(X=-162.136 Y=-180.000 Z=2301.416), Max=(X=256.969 Y=170.000 Z=2385.822) RuntimeBounds:IsValid=true, Min=(X=-162.136 Y=-180.000 Z=2301.416), Max=(X=256.969 Y=170.000 Z=2385.822) RuntimeGrid:None EditorOnly:false RuntimeOnly:false HLODRelevant:false ListedInSceneOutliner:true IsMainWorldOnly:false
 |   |   |- [+] [ 23]
 |   |   |   |- Guid:C470E45B42D1199EBD5988A153A27D38 NativeClass:/Script/GeometryFramework.DynamicMeshActor Name:DynamicMeshActor_UAID_D8BBC18972FE1D5B02_1073886704 Label:Box3 SpatiallyLoaded:true EditorBounds:IsValid=true, Min=(X=2553.231 Y=-180.000 Z=1822.127), Max=(X=3370.311 Y=170.000 Z=2044.418) RuntimeBounds:IsValid=true, Min=(X=2553.231 Y=-180.000 Z=1822.127), Max=(X=3370.311 Y=170.000 Z=2044.418) RuntimeGrid:None EditorOnly:false RuntimeOnly:false HLODRelevant:false ListedInSceneOutliner:true IsMainWorldOnly:false
 |   |   |- [+] [ 24]
 |   |   |   |- Guid:CCFF262C46EEFFDF319E7F9539CE697E NativeClass:/Script/Engine.SkyAtmosphere Name:SkyAtmosphere_0 Label:SkyAtmosphere SpatiallyLoaded:false EditorBounds:IsValid=true, Min=(X=-128.000 Y=-128.000 Z=2996.152), Max=(X=240.000 Y=128.000 Z=3252.152) RuntimeBounds:IsValid=true, Min=(X=0.000 Y=0.000 Z=3124.152), Max=(X=0.000 Y=0.000 Z=3124.152) RuntimeGrid:None EditorOnly:false RuntimeOnly:false HLODRelevant:false ListedInSceneOutliner:true IsMainWorldOnly:false FolderPath:Lighting FolderGuid:963EC3EB4002CCE9759E2EBA541A873A
 |   |   |- [+] [ 25]
 |   |   |   |- Guid:D56FF7BE45C06E53DC341094F2FA180E NativeClass:/Script/GeometryFramework.DynamicMeshActor Name:DynamicMeshActor_UAID_D8BBC18972FE215B02_1653450421 Label:Box14 SpatiallyLoaded:true EditorBounds:IsValid=true, Min=(X=5223.608 Y=-180.000 Z=325.312), Max=(X=5335.978 Y=169.999 Z=1426.377) RuntimeBounds:IsValid=true, Min=(X=5223.608 Y=-180.000 Z=325.312), Max=(X=5335.978 Y=169.999 Z=1426.377) RuntimeGrid:None EditorOnly:false RuntimeOnly:false HLODRelevant:false ListedInSceneOutliner:true IsMainWorldOnly:false
 |   |   |- [+] [ 26]
 |   |   |   |- Guid:E10F3C894F294750315B5183E580417C NativeClass:/Script/GeometryFramework.DynamicMeshActor Name:DynamicMeshActor_UAID_D8BBC18972FE1E5B02_1553456887 Label:Box9 SpatiallyLoaded:true EditorBounds:IsValid=true, Min=(X=1509.499 Y=-180.000 Z=2086.564), Max=(X=1924.013 Y=170.000 Z=2246.605) RuntimeBounds:IsValid=true, Min=(X=1509.499 Y=-180.000 Z=2086.564), Max=(X=1924.013 Y=170.000 Z=2246.605) RuntimeGrid:None EditorOnly:false RuntimeOnly:false HLODRelevant:false ListedInSceneOutliner:true IsMainWorldOnly:false
 |   |   |- [+] [ 27]
 |   |   |   |- Guid:EC4E0C944CE6AC6E784BC6BB2916EA13 NativeClass:/Script/Engine.StaticMeshActor Name:StaticMeshActor_UAID_A4AE111137DC5EFB00_1110535423 Label:SM_SkySphere SpatiallyLoaded:false EditorBounds:IsValid=true, Min=(X=-1710991.195 Y=-1638400.000 Z=-1708611.390), Max=(X=1710729.083 Y=1638400.000 Z=1713108.888) RuntimeBounds:IsValid=true, Min=(X=-1710991.195 Y=-1638400.000 Z=-1708611.390), Max=(X=1710729.083 Y=1638400.000 Z=1713108.888) RuntimeGrid:None EditorOnly:false RuntimeOnly:false HLODRelevant:false ListedInSceneOutliner:true IsMainWorldOnly:false FolderPath:Lighting FolderGuid:963EC3EB4002CCE9759E2EBA541A873A
 |   |   |- [+] [ 28]
 |   |   |   |- Guid:F5E3FEB3450C49844FD93DA8E083C8AD NativeClass:/Script/Engine.PostProcessVolume Name:PostProcessVolume_0 Label:PostProcessVolume SpatiallyLoaded:false EditorBounds:IsValid=true, Min=(X=0.000 Y=0.000 Z=400.000), Max=(X=200.000 Y=200.000 Z=600.000) RuntimeBounds:IsValid=true, Min=(X=0.000 Y=0.000 Z=400.000), Max=(X=200.000 Y=200.000 Z=600.000) RuntimeGrid:None EditorOnly:false RuntimeOnly:false HLODRelevant:false ListedInSceneOutliner:true IsMainWorldOnly:false FolderPath:Lighting FolderGuid:963EC3EB4002CCE9759E2EBA541A873A
 |- ContainerInstances:
 |- [+] MainContainer:
 |   |-        ID: 00000000000000000000000000000000
 |   |-  ParentID: 00000000000000000000000000000000
 |   |-    Bounds: IsValid=false, Min=(X=0.000 Y=0.000 Z=0.000), Max=(X=0.000 Y=0.000 Z=0.000)
 |   |- Transform: 0.000000,0.000000,0.000000|0.000000,0.000000,-0.000000|1.000000,1.000000,1.000000
 |   |- Container: /Game/ThirdPerson/Maps/ThirdPersonMap
----------------------------------------------------------------------------------------------------------------
ThirdPersonMap - Persistent Level
----------------------------------------------------------------------------------------------------------------
[+] Content of ThirdPersonMap Persistent Level
 |- Always loaded Actor Count: 29 
 |- Actor Path: /Game/ThirdPerson/Maps/ThirdPersonMap.ThirdPersonMap:PersistentLevel.DirectionalLight_0
 |- Actor Package: /Game/__ExternalActors__/ThirdPerson/Maps/ThirdPersonMap/5/R1/TS5OQ5CRUWFZYL1ZQ7I416
 |- Actor Path: /Game/ThirdPerson/Maps/ThirdPersonMap.ThirdPersonMap:PersistentLevel.DynamicMeshActor_UAID_D8BBC18972FE115B02_1554478585
 |- Actor Package: /Game/__ExternalActors__/ThirdPerson/Maps/ThirdPersonMap/0/D8/X7H0KLYZPTR6DI16QVD5Z1
 |- Actor Path: /Game/ThirdPerson/Maps/ThirdPersonMap.ThirdPersonMap:PersistentLevel.DynamicMeshActor_UAID_D8BBC18972FE115B02_1677903586
 |- Actor Package: /Game/__ExternalActors__/ThirdPerson/Maps/ThirdPersonMap/0/UR/JZEPGO1Q7P61MXNR1J7MR2
 |- Actor Path: /Game/ThirdPerson/Maps/ThirdPersonMap.ThirdPersonMap:PersistentLevel.DynamicMeshActor_UAID_D8BBC18972FE1D5B02_1073886704
 |- Actor Package: /Game/__ExternalActors__/ThirdPerson/Maps/ThirdPersonMap/C/A6/SG6V65GDRKTWPCJDBVSLY3
 |- Actor Path: /Game/ThirdPerson/Maps/ThirdPersonMap.ThirdPersonMap:PersistentLevel.DynamicMeshActor_UAID_D8BBC18972FE1E5B02_1443350882
 |- Actor Package: /Game/__ExternalActors__/ThirdPerson/Maps/ThirdPersonMap/A/U9/B4VXNBJ7TSQHOESER0N1LP
 |- Actor Path: /Game/ThirdPerson/Maps/ThirdPersonMap.ThirdPersonMap:PersistentLevel.DynamicMeshActor_UAID_D8BBC18972FE1E5B02_1472300883
 |- Actor Package: /Game/__ExternalActors__/ThirdPerson/Maps/ThirdPersonMap/D/H3/BDTH9MTTHNTF17N1E1489A
 |- Actor Path: /Game/ThirdPerson/Maps/ThirdPersonMap.ThirdPersonMap:PersistentLevel.DynamicMeshActor_UAID_D8BBC18972FE1E5B02_1487883884
 |- Actor Package: /Game/__ExternalActors__/ThirdPerson/Maps/ThirdPersonMap/6/UP/KZP8LO8TEX7IIUE009IS32
 |- Actor Path: /Game/ThirdPerson/Maps/ThirdPersonMap.ThirdPersonMap:PersistentLevel.DynamicMeshActor_UAID_D8BBC18972FE1E5B02_1508209885
 |- Actor Package: /Game/__ExternalActors__/ThirdPerson/Maps/ThirdPersonMap/B/BJ/0USYIQN1R17LCBZPTS2F3U
 |- Actor Path: /Game/ThirdPerson/Maps/ThirdPersonMap.ThirdPersonMap:PersistentLevel.DynamicMeshActor_UAID_D8BBC18972FE1E5B02_1528530886
 |- Actor Package: /Game/__ExternalActors__/ThirdPerson/Maps/ThirdPersonMap/1/S9/SRE9YBQCVLYAXGZD2ZWHP0
 |- Actor Path: /Game/ThirdPerson/Maps/ThirdPersonMap.ThirdPersonMap:PersistentLevel.DynamicMeshActor_UAID_D8BBC18972FE1E5B02_1553456887
 |- Actor Package: /Game/__ExternalActors__/ThirdPerson/Maps/ThirdPersonMap/B/DI/HB6A8MFLC0DW4CR1DFXIN2
 |- Actor Path: /Game/ThirdPerson/Maps/ThirdPersonMap.ThirdPersonMap:PersistentLevel.DynamicMeshActor_UAID_D8BBC18972FE1E5B02_1576407889
 |- Actor Package: /Game/__ExternalActors__/ThirdPerson/Maps/ThirdPersonMap/B/VD/41VRDSQY2DEC8YCRGYM64A
 |- Actor Path: /Game/ThirdPerson/Maps/ThirdPersonMap.ThirdPersonMap:PersistentLevel.DynamicMeshActor_UAID_D8BBC18972FE1E5B02_1843979890
 |- Actor Package: /Game/__ExternalActors__/ThirdPerson/Maps/ThirdPersonMap/2/UQ/EF5KGX4ZWOK6O72EE4PM99
 |- Actor Path: /Game/ThirdPerson/Maps/ThirdPersonMap.ThirdPersonMap:PersistentLevel.DynamicMeshActor_UAID_D8BBC18972FE1E5B02_1865923891
 |- Actor Package: /Game/__ExternalActors__/ThirdPerson/Maps/ThirdPersonMap/A/3M/3LJMPAPMX7K5DWBH6BUKJ4
 |- Actor Path: /Game/ThirdPerson/Maps/ThirdPersonMap.ThirdPersonMap:PersistentLevel.DynamicMeshActor_UAID_D8BBC18972FE215B02_1584978420
 |- Actor Package: /Game/__ExternalActors__/ThirdPerson/Maps/ThirdPersonMap/8/L4/UGOIINWUBCAC8ISU7M652Q
 |- Actor Path: /Game/ThirdPerson/Maps/ThirdPersonMap.ThirdPersonMap:PersistentLevel.DynamicMeshActor_UAID_D8BBC18972FE215B02_1653450421
 |- Actor Package: /Game/__ExternalActors__/ThirdPerson/Maps/ThirdPersonMap/9/17/ODSBBK01BIQNPC6DMY4QLV
 |- Actor Path: /Game/ThirdPerson/Maps/ThirdPersonMap.ThirdPersonMap:PersistentLevel.DynamicMeshActor_UAID_D8BBC18972FE215B02_1725739422
 |- Actor Package: /Game/__ExternalActors__/ThirdPerson/Maps/ThirdPersonMap/6/1X/LHGTXSSKBFMVXZRLTLYW57
 |- Actor Path: /Game/ThirdPerson/Maps/ThirdPersonMap.ThirdPersonMap:PersistentLevel.DynamicMeshActor_UAID_D8BBC18972FE215B02_1740085423
 |- Actor Package: /Game/__ExternalActors__/ThirdPerson/Maps/ThirdPersonMap/F/32/LLQDCK56I421ERCH1VA4WU
 |- Actor Path: /Game/ThirdPerson/Maps/ThirdPersonMap.ThirdPersonMap:PersistentLevel.DynamicMeshActor_UAID_D8BBC18972FE255B02_1111171129
 |- Actor Package: /Game/__ExternalActors__/ThirdPerson/Maps/ThirdPersonMap/B/82/B3X9CXKEGL0K2AE9UH2TLC
 |- Actor Path: /Game/ThirdPerson/Maps/ThirdPersonMap.ThirdPersonMap:PersistentLevel.DynamicMeshActor_UAID_D8BBC18972FE255B02_1135318130
 |- Actor Package: /Game/__ExternalActors__/ThirdPerson/Maps/ThirdPersonMap/B/QK/9WR493SWSLKMGWR9MDV94C
 |- Actor Path: /Game/ThirdPerson/Maps/ThirdPersonMap.ThirdPersonMap:PersistentLevel.DynamicMeshActor_UAID_D8BBC18972FE255B02_1149225131
 |- Actor Package: /Game/__ExternalActors__/ThirdPerson/Maps/ThirdPersonMap/6/FV/34CVQC1368O1VU7WZOOMDA
 |- Actor Path: /Game/ThirdPerson/Maps/ThirdPersonMap.ThirdPersonMap:PersistentLevel.ExponentialHeightFog_0
 |- Actor Package: /Game/__ExternalActors__/ThirdPerson/Maps/ThirdPersonMap/6/J7/N10XDC9G27EMLS5AGZ6AVV
 |- Actor Path: /Game/ThirdPerson/Maps/ThirdPersonMap.ThirdPersonMap:PersistentLevel.PlayerStart_0
 |- Actor Package: /Game/__ExternalActors__/ThirdPerson/Maps/ThirdPersonMap/D/DE/SWSI13675DVYIZ0N4NF7Y3
 |- Actor Path: /Game/ThirdPerson/Maps/ThirdPersonMap.ThirdPersonMap:PersistentLevel.PostProcessVolume_0
 |- Actor Package: /Game/__ExternalActors__/ThirdPerson/Maps/ThirdPersonMap/1/AZ/A7GPT109Y6ZTTJD4A7TXER
 |- Actor Path: /Game/ThirdPerson/Maps/ThirdPersonMap.ThirdPersonMap:PersistentLevel.SkyAtmosphere_0
 |- Actor Package: /Game/__ExternalActors__/ThirdPerson/Maps/ThirdPersonMap/4/LN/30UBDLYFFA5ZR7U4W4L4GG
 |- Actor Path: /Game/ThirdPerson/Maps/ThirdPersonMap.ThirdPersonMap:PersistentLevel.SkyLight_1
 |- Actor Package: /Game/__ExternalActors__/ThirdPerson/Maps/ThirdPersonMap/8/S1/DXUWD12MD3HRWVVXX076BY
 |- Actor Path: /Game/ThirdPerson/Maps/ThirdPersonMap.ThirdPersonMap:PersistentLevel.StaticMeshActor_UAID_A4AE111137DC5EFB00_1110535423
 |- Actor Package: /Game/__ExternalActors__/ThirdPerson/Maps/ThirdPersonMap/4/PN/2QISIGK5DJNQ05US8O8FXW
 |- Actor Path: /Game/ThirdPerson/Maps/ThirdPersonMap.ThirdPersonMap:PersistentLevel.StaticMeshActor_UAID_D8BBC18972FE1E5B02_1576405888
 |- Actor Package: /Game/__ExternalActors__/ThirdPerson/Maps/ThirdPersonMap/3/39/JA30ZL009AEMERLCKX67OQ
 |- Actor Path: /Game/ThirdPerson/Maps/ThirdPersonMap.ThirdPersonMap:PersistentLevel.VolumetricCloud_0
 |- Actor Package: /Game/__ExternalActors__/ThirdPerson/Maps/ThirdPersonMap/3/EY/87SHEJN5UBEAN2K5OV1G6R
 |- Actor Path: /Game/ThirdPerson/Maps/ThirdPersonMap.ThirdPersonMap:PersistentLevel.WorldDataLayers
 |- Actor Package: /Game/__ExternalActors__/ThirdPerson/Maps/ThirdPersonMap/0/43/HYQWORMY4JDQ5X3OKZXFLC

----------------------------------------------------------------------------------------------------------------
ThirdPersonMap - Runtime Hash Set
----------------------------------------------------------------------------------------------------------------

